[INFO] Scanning for projects...
[INFO] 
[INFO] -------------------< com.kanban:taiwan-stock-kanban >-------------------
[INFO] Building Taiwan Stock Kanban Dashboard 1.0.0-SNAPSHOT
[INFO]   from pom.xml
[INFO] --------------------------------[ jar ]---------------------------------
[INFO] 
[INFO] >>> spring-boot:3.2.0:run (default-cli) > test-compile @ taiwan-stock-kanban >>>
[INFO] 
[INFO] --- resources:3.3.1:resources (default-resources) @ taiwan-stock-kanban ---
[INFO] Copying 2 resources from src/main/resources to target/classes
[INFO] Copying 3 resources from src/main/resources to target/classes
[INFO] 
[INFO] --- compiler:3.11.0:compile (default-compile) @ taiwan-stock-kanban ---
[INFO] Nothing to compile - all classes are up to date
[INFO] 
[INFO] --- resources:3.3.1:testResources (default-testResources) @ taiwan-stock-kanban ---
[INFO] skip non existing resourceDirectory /Users/ben/side_project/JAVA/Kaiban-Stock/src/test/resources
[INFO] 
[INFO] --- compiler:3.11.0:testCompile (default-testCompile) @ taiwan-stock-kanban ---
[INFO] Changes detected - recompiling the module! :source
[INFO] Compiling 13 source files with javac [debug release 17] to target/test-classes
[INFO] 
[INFO] <<< spring-boot:3.2.0:run (default-cli) < test-compile @ taiwan-stock-kanban <<<
[INFO] 
[INFO] 
[INFO] --- spring-boot:3.2.0:run (default-cli) @ taiwan-stock-kanban ---
[INFO] Attaching agents: []

  .   ____          _            __ _ _
 /\\ / ___'_ __ _ _(_)_ __  __ _ \ \ \ \
( ( )\___ | '_ | '_| | '_ \/ _` | \ \ \ \
 \\/  ___)| |_)| | | | | || (_| |  ) ) ) )
  '  |____| .__|_| |_|_| |_\__, | / / / /
 =========|_|==============|___/=/_/_/_/
 :: Spring Boot ::                (v3.2.0)

2025-11-04 15:11:30 [main] INFO  [] c.k.TaiwanStockKanbanApplication - Starting TaiwanStockKanbanApplication using Java 17.0.10 with PID 75163 (/Users/ben/side_project/JAVA/Kaiban-Stock/target/classes started by ben in /Users/ben/side_project/JAVA/Kaiban-Stock)
2025-11-04 15:11:30 [main] DEBUG [] c.k.TaiwanStockKanbanApplication - Running with Spring Boot v3.2.0, Spring v6.1.1
2025-11-04 15:11:30 [main] INFO  [] c.k.TaiwanStockKanbanApplication - The following 1 profile is active: "dev"
2025-11-04 15:11:31 [main] INFO  [] o.s.d.r.c.RepositoryConfigurationDelegate - Multiple Spring Data modules found, entering strict repository configuration mode
2025-11-04 15:11:31 [main] INFO  [] o.s.d.r.c.RepositoryConfigurationDelegate - Bootstrapping Spring Data JPA repositories in DEFAULT mode.
2025-11-04 15:11:31 [main] INFO  [] o.s.d.r.c.RepositoryConfigurationDelegate - Finished Spring Data repository scanning in 192 ms. Found 7 JPA repository interfaces.
2025-11-04 15:11:31 [main] INFO  [] o.s.d.r.c.RepositoryConfigurationDelegate - Multiple Spring Data modules found, entering strict repository configuration mode
2025-11-04 15:11:31 [main] INFO  [] o.s.d.r.c.RepositoryConfigurationDelegate - Bootstrapping Spring Data Redis repositories in DEFAULT mode.
2025-11-04 15:11:31 [main] INFO  [] o.s.d.r.c.RepositoryConfigurationExtensionSupport - Spring Data Redis - Could not safely identify store assignment for repository candidate interface com.kanban.repository.AuditLogRepository; If you want this repository to be a Redis repository, consider annotating your entities with one of these annotations: org.springframework.data.redis.core.RedisHash (preferred), or consider extending one of the following types with your repository: org.springframework.data.keyvalue.repository.KeyValueRepository
2025-11-04 15:11:31 [main] INFO  [] o.s.d.r.c.RepositoryConfigurationExtensionSupport - Spring Data Redis - Could not safely identify store assignment for repository candidate interface com.kanban.repository.CardRepository; If you want this repository to be a Redis repository, consider annotating your entities with one of these annotations: org.springframework.data.redis.core.RedisHash (preferred), or consider extending one of the following types with your repository: org.springframework.data.keyvalue.repository.KeyValueRepository
2025-11-04 15:11:31 [main] INFO  [] o.s.d.r.c.RepositoryConfigurationExtensionSupport - Spring Data Redis - Could not safely identify store assignment for repository candidate interface com.kanban.repository.HistoricalPriceRepository; If you want this repository to be a Redis repository, consider annotating your entities with one of these annotations: org.springframework.data.redis.core.RedisHash (preferred), or consider extending one of the following types with your repository: org.springframework.data.keyvalue.repository.KeyValueRepository
2025-11-04 15:11:31 [main] INFO  [] o.s.d.r.c.RepositoryConfigurationExtensionSupport - Spring Data Redis - Could not safely identify store assignment for repository candidate interface com.kanban.repository.StockSnapshotRepository; If you want this repository to be a Redis repository, consider annotating your entities with one of these annotations: org.springframework.data.redis.core.RedisHash (preferred), or consider extending one of the following types with your repository: org.springframework.data.keyvalue.repository.KeyValueRepository
2025-11-04 15:11:31 [main] INFO  [] o.s.d.r.c.RepositoryConfigurationExtensionSupport - Spring Data Redis - Could not safely identify store assignment for repository candidate interface com.kanban.repository.TechnicalIndicatorRepository; If you want this repository to be a Redis repository, consider annotating your entities with one of these annotations: org.springframework.data.redis.core.RedisHash (preferred), or consider extending one of the following types with your repository: org.springframework.data.keyvalue.repository.KeyValueRepository
2025-11-04 15:11:31 [main] INFO  [] o.s.d.r.c.RepositoryConfigurationExtensionSupport - Spring Data Redis - Could not safely identify store assignment for repository candidate interface com.kanban.repository.UserRepository; If you want this repository to be a Redis repository, consider annotating your entities with one of these annotations: org.springframework.data.redis.core.RedisHash (preferred), or consider extending one of the following types with your repository: org.springframework.data.keyvalue.repository.KeyValueRepository
2025-11-04 15:11:31 [main] INFO  [] o.s.d.r.c.RepositoryConfigurationExtensionSupport - Spring Data Redis - Could not safely identify store assignment for repository candidate interface com.kanban.repository.WatchlistRepository; If you want this repository to be a Redis repository, consider annotating your entities with one of these annotations: org.springframework.data.redis.core.RedisHash (preferred), or consider extending one of the following types with your repository: org.springframework.data.keyvalue.repository.KeyValueRepository
2025-11-04 15:11:31 [main] INFO  [] o.s.d.r.c.RepositoryConfigurationDelegate - Finished Spring Data repository scanning in 16 ms. Found 0 Redis repository interfaces.
2025-11-04 15:11:31 [main] INFO  [] o.s.cloud.context.scope.GenericScope - BeanFactory id=565d2ba3-e03f-3031-ad6c-3aa864484c8a
2025-11-04 15:11:32 [main] INFO  [] o.s.b.w.e.tomcat.TomcatWebServer - Tomcat initialized with port 8081 (http)
2025-11-04 15:11:32 [main] INFO  [] o.a.catalina.core.StandardService - Starting service [Tomcat]
2025-11-04 15:11:32 [main] INFO  [] o.a.catalina.core.StandardEngine - Starting Servlet engine: [Apache Tomcat/10.1.16]
2025-11-04 15:11:32 [main] INFO  [] o.a.c.c.C.[Tomcat].[localhost].[/] - Initializing Spring embedded WebApplicationContext
2025-11-04 15:11:32 [main] INFO  [] o.s.b.w.s.c.ServletWebServerApplicationContext - Root WebApplicationContext: initialization completed in 1916 ms
2025-11-04 15:11:32 [main] INFO  [] com.zaxxer.hikari.HikariDataSource - HikariPool-1 - Starting...
2025-11-04 15:11:32 [main] INFO  [] com.zaxxer.hikari.pool.HikariPool - HikariPool-1 - Added connection org.postgresql.jdbc.PgConnection@62d6ac
2025-11-04 15:11:32 [main] INFO  [] com.zaxxer.hikari.HikariDataSource - HikariPool-1 - Start completed.
2025-11-04 15:11:32 [main] INFO  [] o.f.c.i.license.VersionPrinter - Flyway Community Edition 9.22.3 by Redgate
2025-11-04 15:11:32 [main] INFO  [] o.f.c.i.license.VersionPrinter - See release notes here: https://rd.gt/416ObMi
2025-11-04 15:11:32 [main] INFO  [] o.f.c.i.license.VersionPrinter - 
2025-11-04 15:11:32 [main] INFO  [] org.flywaydb.core.FlywayExecutor - Database: jdbc:postgresql://localhost:5432/kanban_dev (PostgreSQL 15.14)
2025-11-04 15:11:32 [main] INFO  [] o.f.core.internal.command.DbValidate - Successfully validated 3 migrations (execution time 00:00.020s)
2025-11-04 15:11:32 [main] INFO  [] o.f.core.internal.command.DbMigrate - Current version of schema "public": 3
2025-11-04 15:11:32 [main] INFO  [] o.f.core.internal.command.DbMigrate - Schema "public" is up to date. No migration necessary.
2025-11-04 15:11:33 [main] INFO  [] o.h.jpa.internal.util.LogHelper - HHH000204: Processing PersistenceUnitInfo [name: default]
2025-11-04 15:11:33 [main] INFO  [] org.hibernate.Version - HHH000412: Hibernate ORM core version 6.3.1.Final
2025-11-04 15:11:33 [main] INFO  [] o.h.c.i.RegionFactoryInitiator - HHH000026: Second-level cache disabled
2025-11-04 15:11:33 [main] INFO  [] o.s.o.j.p.SpringPersistenceUnitInfo - No LoadTimeWeaver setup: ignoring JPA class transformer
2025-11-04 15:11:33 [main] WARN  [] org.hibernate.orm.deprecation - HHH90000025: PostgreSQLDialect does not need to be specified explicitly using 'hibernate.dialect' (remove the property setting and it will be selected by default)
2025-11-04 15:11:33 [main] INFO  [] o.h.e.t.j.p.i.JtaPlatformInitiator - HHH000489: No JTA platform available (set 'hibernate.transaction.jta.platform' to enable JTA platform integration)
2025-11-04 15:11:33 [main] INFO  [] o.s.o.j.LocalContainerEntityManagerFactoryBean - Initialized JPA EntityManagerFactory for persistence unit 'default'
2025-11-04 15:11:34 [main] DEBUG [] c.k.security.JwtAuthenticationFilter - Filter 'jwtAuthenticationFilter' configured for use
2025-11-04 15:11:34 [main] INFO  [] o.s.d.j.r.query.QueryEnhancerFactory - Hibernate is in classpath; If applicable, HQL parser will be used.
2025-11-04 15:11:34 [main] ERROR [] i.n.r.d.DnsServerAddressStreamProviders - Unable to load io.netty.resolver.dns.macos.MacOSDnsServerAddressStreamProvider, fallback to system defaults. This may result in incorrect DNS resolutions on MacOS. Check whether you have a dependency on 'io.netty:netty-resolver-dns-native-macos'. Use DEBUG level to see the full stack: java.lang.UnsatisfiedLinkError: failed to load the required native library
2025-11-04 15:11:35 [main] WARN  [] o.s.b.a.o.j.JpaBaseConfiguration$JpaWebConfiguration - spring.jpa.open-in-view is enabled by default. Therefore, database queries may be performed during view rendering. Explicitly configure spring.jpa.open-in-view to disable this warning
2025-11-04 15:11:35 [main] INFO  [] o.s.b.a.e.web.EndpointLinksResolver - Exposing 3 endpoint(s) beneath base path '/actuator'
2025-11-04 15:11:35 [main] INFO  [] o.s.s.web.DefaultSecurityFilterChain - Will secure any request with [org.springframework.security.web.session.DisableEncodeUrlFilter@3a848bb6, org.springframework.security.web.context.request.async.WebAsyncManagerIntegrationFilter@7049e176, org.springframework.security.web.context.SecurityContextHolderFilter@7ee93eda, org.springframework.security.web.header.HeaderWriterFilter@43adbe93, org.springframework.web.filter.CorsFilter@728685c8, org.springframework.security.web.authentication.logout.LogoutFilter@5736508f, com.kanban.security.JwtAuthenticationFilter@6d3b59e2, org.springframework.security.web.savedrequest.RequestCacheAwareFilter@677dfaf0, org.springframework.security.web.servletapi.SecurityContextHolderAwareRequestFilter@53acdc6e, org.springframework.security.web.authentication.AnonymousAuthenticationFilter@2b41dca7, org.springframework.security.web.session.SessionManagementFilter@55dfdcd0, org.springframework.security.web.access.ExceptionTranslationFilter@52c0568c, org.springframework.security.web.access.intercept.AuthorizationFilter@72d28f43]
2025-11-04 15:11:36 [main] INFO  [] o.s.b.w.e.tomcat.TomcatWebServer - Tomcat started on port 8081 (http) with context path ''
2025-11-04 15:11:36 [main] INFO  [] c.k.TaiwanStockKanbanApplication - Started TaiwanStockKanbanApplication in 6.58 seconds (process running for 6.916)
2025-11-04 15:11:44 [http-nio-8081-exec-1] INFO  [] o.a.c.c.C.[Tomcat].[localhost].[/] - Initializing Spring DispatcherServlet 'dispatcherServlet'
2025-11-04 15:11:44 [http-nio-8081-exec-1] INFO  [] o.s.web.servlet.DispatcherServlet - Initializing Servlet 'dispatcherServlet'
2025-11-04 15:11:44 [http-nio-8081-exec-1] INFO  [] o.s.web.servlet.DispatcherServlet - Completed initialization in 8 ms
2025-11-04 15:11:44 [http-nio-8081-exec-1] DEBUG [] o.s.security.web.FilterChainProxy - Securing GET /actuator/health
2025-11-04 15:11:44 [http-nio-8081-exec-1] DEBUG [] o.s.s.w.a.AnonymousAuthenticationFilter - Set SecurityContextHolder to anonymous SecurityContext
2025-11-04 15:11:44 [http-nio-8081-exec-1] WARN  [] o.s.w.s.h.HandlerMappingIntrospector - Cache miss for REQUEST dispatch to '/actuator/health' (previous null). Performing MatchableHandlerMapping lookup. This is logged once only at WARN level, and every time at TRACE.
2025-11-04 15:11:44 [http-nio-8081-exec-1] DEBUG [] o.s.security.web.FilterChainProxy - Secured GET /actuator/health
2025-11-04 15:11:56 [http-nio-8081-exec-2] DEBUG [] o.s.security.web.FilterChainProxy - Securing POST /api/auth/login
2025-11-04 15:11:56 [http-nio-8081-exec-2] DEBUG [] o.s.s.w.a.AnonymousAuthenticationFilter - Set SecurityContextHolder to anonymous SecurityContext
2025-11-04 15:11:56 [http-nio-8081-exec-2] DEBUG [] o.s.security.web.FilterChainProxy - Secured POST /api/auth/login
2025-11-04 15:11:56 [http-nio-8081-exec-2] INFO  [] c.kanban.controller.AuthController - 登入請求: null
Hibernate: 
    select
        u1_0.id,
        u1_0.created_at,
        u1_0.email,
        u1_0.is_active,
        u1_0.last_login_at,
        u1_0.password_hash,
        u1_0.refresh_token,
        u1_0.refresh_token_expires_at,
        u1_0.role,
        u1_0.updated_at,
        u1_0.username 
    from
        users u1_0 
    where
        u1_0.username=?
Hibernate: 
    select
        u1_0.id,
        u1_0.created_at,
        u1_0.email,
        u1_0.is_active,
        u1_0.last_login_at,
        u1_0.password_hash,
        u1_0.refresh_token,
        u1_0.refresh_token_expires_at,
        u1_0.role,
        u1_0.updated_at,
        u1_0.username 
    from
        users u1_0 
    where
        u1_0.email=?
2025-11-04 15:11:56 [http-nio-8081-exec-2] DEBUG [] o.s.s.a.d.DaoAuthenticationProvider - Authenticated user
2025-11-04 15:11:56 [http-nio-8081-exec-2] INFO  [] com.kanban.service.AuthService - 使用者登入成功: admin
Hibernate: 
    update
        users 
    set
        email=?,
        is_active=?,
        last_login_at=?,
        password_hash=?,
        refresh_token=?,
        refresh_token_expires_at=?,
        role=?,
        updated_at=?,
        username=? 
    where
        id=?
2025-11-04 15:12:27 [http-nio-8081-exec-4] DEBUG [] o.s.security.web.FilterChainProxy - Securing POST /api/auth/login
2025-11-04 15:12:27 [http-nio-8081-exec-4] DEBUG [] o.s.s.w.a.AnonymousAuthenticationFilter - Set SecurityContextHolder to anonymous SecurityContext
2025-11-04 15:12:27 [http-nio-8081-exec-4] DEBUG [] o.s.security.web.FilterChainProxy - Secured POST /api/auth/login
2025-11-04 15:12:27 [http-nio-8081-exec-4] INFO  [] c.kanban.controller.AuthController - 登入請求: null
Hibernate: 
    select
        u1_0.id,
        u1_0.created_at,
        u1_0.email,
        u1_0.is_active,
        u1_0.last_login_at,
        u1_0.password_hash,
        u1_0.refresh_token,
        u1_0.refresh_token_expires_at,
        u1_0.role,
        u1_0.updated_at,
        u1_0.username 
    from
        users u1_0 
    where
        u1_0.username=?
Hibernate: 
    select
        u1_0.id,
        u1_0.created_at,
        u1_0.email,
        u1_0.is_active,
        u1_0.last_login_at,
        u1_0.password_hash,
        u1_0.refresh_token,
        u1_0.refresh_token_expires_at,
        u1_0.role,
        u1_0.updated_at,
        u1_0.username 
    from
        users u1_0 
    where
        u1_0.email=?
2025-11-04 15:12:27 [http-nio-8081-exec-4] DEBUG [] o.s.s.a.d.DaoAuthenticationProvider - Authenticated user
2025-11-04 15:12:27 [http-nio-8081-exec-4] INFO  [] com.kanban.service.AuthService - 使用者登入成功: admin
Hibernate: 
    update
        users 
    set
        email=?,
        is_active=?,
        last_login_at=?,
        password_hash=?,
        refresh_token=?,
        refresh_token_expires_at=?,
        role=?,
        updated_at=?,
        username=? 
    where
        id=?
2025-11-04 15:12:32 [http-nio-8081-exec-6] DEBUG [] o.s.security.web.FilterChainProxy - Securing OPTIONS /api/auth/login
2025-11-04 15:12:32 [http-nio-8081-exec-7] DEBUG [] o.s.security.web.FilterChainProxy - Securing POST /api/auth/login
2025-11-04 15:12:32 [http-nio-8081-exec-7] DEBUG [] o.s.s.w.a.AnonymousAuthenticationFilter - Set SecurityContextHolder to anonymous SecurityContext
2025-11-04 15:12:32 [http-nio-8081-exec-7] DEBUG [] o.s.security.web.FilterChainProxy - Secured POST /api/auth/login
2025-11-04 15:12:32 [http-nio-8081-exec-7] INFO  [] c.kanban.controller.AuthController - 登入請求: null
Hibernate: 
    select
        u1_0.id,
        u1_0.created_at,
        u1_0.email,
        u1_0.is_active,
        u1_0.last_login_at,
        u1_0.password_hash,
        u1_0.refresh_token,
        u1_0.refresh_token_expires_at,
        u1_0.role,
        u1_0.updated_at,
        u1_0.username 
    from
        users u1_0 
    where
        u1_0.username=?
Hibernate: 
    select
        u1_0.id,
        u1_0.created_at,
        u1_0.email,
        u1_0.is_active,
        u1_0.last_login_at,
        u1_0.password_hash,
        u1_0.refresh_token,
        u1_0.refresh_token_expires_at,
        u1_0.role,
        u1_0.updated_at,
        u1_0.username 
    from
        users u1_0 
    where
        u1_0.email=?
2025-11-04 15:12:32 [http-nio-8081-exec-7] DEBUG [] o.s.s.a.d.DaoAuthenticationProvider - Authenticated user
2025-11-04 15:12:32 [http-nio-8081-exec-7] INFO  [] com.kanban.service.AuthService - 使用者登入成功: admin
Hibernate: 
    update
        users 
    set
        email=?,
        is_active=?,
        last_login_at=?,
        password_hash=?,
        refresh_token=?,
        refresh_token_expires_at=?,
        role=?,
        updated_at=?,
        username=? 
    where
        id=?
2025-11-04 15:15:02 [SpringApplicationShutdownHook] INFO  [] o.s.o.j.LocalContainerEntityManagerFactoryBean - Closing JPA EntityManagerFactory for persistence unit 'default'
2025-11-04 15:15:02 [SpringApplicationShutdownHook] INFO  [] com.zaxxer.hikari.HikariDataSource - HikariPool-1 - Shutdown initiated...
2025-11-04 15:15:02 [SpringApplicationShutdownHook] INFO  [] com.zaxxer.hikari.HikariDataSource - HikariPool-1 - Shutdown completed.
[INFO] ------------------------------------------------------------------------
[INFO] BUILD FAILURE
[INFO] ------------------------------------------------------------------------
[INFO] Total time:  03:35 min
[INFO] Finished at: 2025-11-04T15:15:02+08:00
[INFO] ------------------------------------------------------------------------
[ERROR] Failed to execute goal org.springframework.boot:spring-boot-maven-plugin:3.2.0:run (default-cli) on project taiwan-stock-kanban: Process terminated with exit code: 143 -> [Help 1]
[ERROR] 
[ERROR] To see the full stack trace of the errors, re-run Maven with the -e switch.
[ERROR] Re-run Maven using the -X switch to enable full debug logging.
[ERROR] 
[ERROR] For more information about the errors and possible solutions, please read the following articles:
[ERROR] [Help 1] http://cwiki.apache.org/confluence/display/MAVEN/MojoExecutionException
